# JRE version: OpenJDK Runtime Environment (8.0_152-b01) (build 1.8.0_152-release-1024-b01)
# Java VM: OpenJDK 64-Bit Server VM (25.152-b01 mixed mode bsd-amd64 compressed oops)
Heap:
 PSYoungGen      total 355840K, used 167428K [0x00000007a0000000, 0x00000007bae80000, 0x00000007c0000000)
  eden space 346624K, 45% used [0x00000007a0000000,0x00000007a9adfdf0,0x00000007b5280000)
  from space 9216K, 95% used [0x00000007ba580000,0x00000007bae21380,0x00000007bae80000)
  to   space 29184K, 0% used [0x00000007b7580000,0x00000007b7580000,0x00000007b9200000)
 ParOldGen       total 266752K, used 44741K [0x0000000760000000, 0x0000000770480000, 0x00000007a0000000)
  object space 266752K, 16% used [0x0000000760000000,0x0000000762bb1528,0x0000000770480000)
 Metaspace       used 65320K, capacity 67558K, committed 67672K, reserved 1107968K
  class space    used 8713K, capacity 9272K, committed 9304K, reserved 1048576K
GC Heap History (10 events):
Event: 8.792 GC heap before
{Heap before GC invocations=7 (full 2):
 PSYoungGen      total 272896K, used 10728K [0x00000007a0000000, 0x00000007b2f80000, 0x00000007c0000000)
  eden space 262144K, 0% used [0x00000007a0000000,0x00000007a0000000,0x00000007b0000000)
  from space 10752K, 99% used [0x00000007b0000000,0x00000007b0a7a3f0,0x00000007b0a80000)
  to   space 14336K, 0% used [0x00000007b2180000,0x00000007b2180000,0x00000007b2f80000)
 ParOldGen       total 107520K, used 11929K [0x0000000760000000, 0x0000000766900000, 0x00000007a0000000)
  object space 107520K, 11% used [0x0000000760000000,0x0000000760ba6410,0x0000000766900000)
 Metaspace       used 34439K, capacity 35202K, committed 35416K, reserved 1079296K
  class space    used 4826K, capacity 5122K, committed 5208K, reserved 1048576K
Event: 8.850 GC heap after
Heap after GC invocations=7 (full 2):
 PSYoungGen      total 272896K, used 0K [0x00000007a0000000, 0x00000007b2f80000, 0x00000007c0000000)
  eden space 262144K, 0% used [0x00000007a0000000,0x00000007a0000000,0x00000007b0000000)
  from space 10752K, 0% used [0x00000007b0000000,0x00000007b0000000,0x00000007b0a80000)
  to   space 14336K, 0% used [0x00000007b2180000,0x00000007b2180000,0x00000007b2f80000)
 ParOldGen       total 170496K, used 17557K [0x0000000760000000, 0x000000076a680000, 0x00000007a0000000)
  object space 170496K, 10% used [0x0000000760000000,0x0000000761125640,0x000000076a680000)
 Metaspace       used 34439K, capacity 35202K, committed 35416K, reserved 1079296K
  class space    used 4826K, capacity 5122K, committed 5208K, reserved 1048576K
}
Event: 13.073 GC heap before
{Heap before GC invocations=8 (full 2):
 PSYoungGen      total 272896K, used 262144K [0x00000007a0000000, 0x00000007b2f80000, 0x00000007c0000000)
  eden space 262144K, 100% used [0x00000007a0000000,0x00000007b0000000,0x00000007b0000000)
  from space 10752K, 0% used [0x00000007b0000000,0x00000007b0000000,0x00000007b0a80000)
  to   space 14336K, 0% used [0x00000007b2180000,0x00000007b2180000,0x00000007b2f80000)
 ParOldGen       total 170496K, used 17557K [0x0000000760000000, 0x000000076a680000, 0x00000007a0000000)
  object space 170496K, 10% used [0x0000000760000000,0x0000000761125640,0x000000076a680000)
 Metaspace       used 53085K, capacity 54820K, committed 55000K, reserved 1095680K
  class space    used 7380K, capacity 7815K, committed 7896K, reserved 1048576K
Event: 13.105 GC heap after
Heap after GC invocations=8 (full 2):
 PSYoungGen      total 287744K, used 14325K [0x00000007a0000000, 0x00000007ba300000, 0x00000007c0000000)
  eden space 273408K, 0% used [0x00000007a0000000,0x00000007a0000000,0x00000007b0b00000)
  from space 14336K, 99% used [0x00000007b2180000,0x00000007b2f7d520,0x00000007b2f80000)
  to   space 23040K, 0% used [0x00000007b0b00000,0x00000007b0b00000,0x00000007b2180000)
 ParOldGen       total 170496K, used 30763K [0x0000000760000000, 0x000000076a680000, 0x00000007a0000000)
  object space 170496K, 18% used [0x0000000760000000,0x0000000761e0adb0,0x000000076a680000)
 Metaspace       used 53085K, capacity 54820K, committed 55000K, reserved 1095680K
  class space    used 7380K, capacity 7815K, committed 7896K, reserved 1048576K
}
Event: 15.188 GC heap before
{Heap before GC invocations=9 (full 2):
 PSYoungGen      total 287744K, used 161343K [0x00000007a0000000, 0x00000007ba300000, 0x00000007c0000000)
  eden space 273408K, 53% used [0x00000007a0000000,0x00000007a8f928a8,0x00000007b0b00000)
  from space 14336K, 99% used [0x00000007b2180000,0x00000007b2f7d520,0x00000007b2f80000)
  to   space 23040K, 0% used [0x00000007b0b00000,0x00000007b0b00000,0x00000007b2180000)
 ParOldGen       total 170496K, used 30763K [0x0000000760000000, 0x000000076a680000, 0x00000007a0000000)
  object space 170496K, 18% used [0x0000000760000000,0x0000000761e0adb0,0x000000076a680000)
 Metaspace       used 56974K, capacity 58964K, committed 59028K, reserved 1099776K
  class space    used 7808K, capacity 8365K, committed 8408K, reserved 1048576K
Event: 15.212 GC heap after
Heap after GC invocations=9 (full 2):
 PSYoungGen      total 296448K, used 23039K [0x00000007a0000000, 0x00000007bc280000, 0x00000007c0000000)
  eden space 273408K, 0% used [0x00000007a0000000,0x00000007a0000000,0x00000007b0b00000)
  from space 23040K, 99% used [0x00000007b0b00000,0x00000007b217fdc8,0x00000007b2180000)
  to   space 29696K, 0% used [0x00000007ba580000,0x00000007ba580000,0x00000007bc280000)
 ParOldGen       total 170496K, used 36334K [0x0000000760000000, 0x000000076a680000, 0x00000007a0000000)
  object space 170496K, 21% used [0x0000000760000000,0x000000076237b940,0x000000076a680000)
 Metaspace       used 56974K, capacity 58964K, committed 59028K, reserved 1099776K
  class space    used 7808K, capacity 8365K, committed 8408K, reserved 1048576K
}
Event: 15.212 GC heap before
{Heap before GC invocations=10 (full 3):
 PSYoungGen      total 296448K, used 23039K [0x00000007a0000000, 0x00000007bc280000, 0x00000007c0000000)
  eden space 273408K, 0% used [0x00000007a0000000,0x00000007a0000000,0x00000007b0b00000)
  from space 23040K, 99% used [0x00000007b0b00000,0x00000007b217fdc8,0x00000007b2180000)
  to   space 29696K, 0% used [0x00000007ba580000,0x00000007ba580000,0x00000007bc280000)
 ParOldGen       total 170496K, used 36334K [0x0000000760000000, 0x000000076a680000, 0x00000007a0000000)
  object space 170496K, 21% used [0x0000000760000000,0x000000076237b940,0x000000076a680000)
 Metaspace       used 56974K, capacity 58964K, committed 59028K, reserved 1099776K
  class space    used 7808K, capacity 8365K, committed 8408K, reserved 1048576K
Event: 15.479 GC heap after
Heap after GC invocations=10 (full 3):
 PSYoungGen      total 296448K, used 0K [0x00000007a0000000, 0x00000007bc280000, 0x00000007c0000000)
  eden space 273408K, 0% used [0x00000007a0000000,0x00000007a0000000,0x00000007b0b00000)
  from space 23040K, 0% used [0x00000007b0b00000,0x00000007b0b00000,0x00000007b2180000)
  to   space 29696K, 0% used [0x00000007ba580000,0x00000007ba580000,0x00000007bc280000)
 ParOldGen       total 266752K, used 44733K [0x0000000760000000, 0x0000000770480000, 0x00000007a0000000)
  object space 266752K, 16% used [0x0000000760000000,0x0000000762baf528,0x0000000770480000)
 Metaspace       used 56974K, capacity 58964K, committed 59028K, reserved 1099776K
  class space    used 7808K, capacity 8365K, committed 8408K, reserved 1048576K
}
Event: 88.955 GC heap before
{Heap before GC invocations=11 (full 3):
 PSYoungGen      total 296448K, used 273408K [0x00000007a0000000, 0x00000007bc280000, 0x00000007c0000000)
  eden space 273408K, 100% used [0x00000007a0000000,0x00000007b0b00000,0x00000007b0b00000)
  from space 23040K, 0% used [0x00000007b0b00000,0x00000007b0b00000,0x00000007b2180000)
  to   space 29696K, 0% used [0x00000007ba580000,0x00000007ba580000,0x00000007bc280000)
 ParOldGen       total 266752K, used 44733K [0x0000000760000000, 0x0000000770480000, 0x00000007a0000000)
  object space 266752K, 16% used [0x0000000760000000,0x0000000762baf528,0x0000000770480000)
 Metaspace       used 59876K, capacity 62130K, committed 62424K, reserved 1103872K
  class space    used 8092K, capacity 8656K, committed 8664K, reserved 1048576K
Event: 88.969 GC heap after
Heap after GC invocations=11 (full 3):
 PSYoungGen      total 355840K, used 8836K [0x00000007a0000000, 0x00000007bae80000, 0x00000007c0000000)
  eden space 346624K, 0% used [0x00000007a0000000,0x00000007a0000000,0x00000007b5280000)
  from space 9216K, 95% used [0x00000007ba580000,0x00000007bae21380,0x00000007bae80000)
  to   space 29184K, 0% used [0x00000007b7580000,0x00000007b7580000,0x00000007b9200000)
 ParOldGen       total 266752K, used 44741K [0x0000000760000000, 0x0000000770480000, 0x00000007a0000000)
  object space 266752K, 16% used [0x0000000760000000,0x0000000762bb1528,0x0000000770480000)
 Metaspace       used 59876K, capacity 62130K, committed 62424K, reserved 1103872K
  class space    used 8092K, capacity 8656K, committed 8664K, reserved 1048576K
}

