# JRE version: OpenJDK Runtime Environment (8.0_152-b01) (build 1.8.0_152-release-1024-b01)
# Java VM: OpenJDK 64-Bit Server VM (25.152-b01 mixed mode bsd-amd64 compressed oops)
Heap:
 PSYoungGen      total 282112K, used 70517K [0x00000007a0000000, 0x00000007b9400000, 0x00000007c0000000)
  eden space 261120K, 18% used [0x00000007a0000000,0x00000007a305db08,0x00000007aff00000)
  from space 20992K, 99% used [0x00000007aff00000,0x00000007b137f918,0x00000007b1380000)
  to   space 25088K, 0% used [0x00000007b7b80000,0x00000007b7b80000,0x00000007b9400000)
 ParOldGen       total 211456K, used 34940K [0x0000000760000000, 0x000000076ce80000, 0x00000007a0000000)
  object space 211456K, 16% used [0x0000000760000000,0x000000076221f0a8,0x000000076ce80000)
 Metaspace       used 67275K, capacity 70396K, committed 70528K, reserved 1110016K
  class space    used 8855K, capacity 9590K, committed 9600K, reserved 1048576K
GC Heap History (10 events):
Event: 160.589 GC heap before
{Heap before GC invocations=10 (full 2):
 PSYoungGen      total 146432K, used 141344K [0x00000007a0000000, 0x00000007ad400000, 0x00000007c0000000)
  eden space 132096K, 100% used [0x00000007a0000000,0x00000007a8100000,0x00000007a8100000)
  from space 14336K, 64% used [0x00000007a8100000,0x00000007a8a081d0,0x00000007a8f00000)
  to   space 13824K, 0% used [0x00000007ac680000,0x00000007ac680000,0x00000007ad400000)
 ParOldGen       total 172032K, used 17041K [0x0000000760000000, 0x000000076a800000, 0x00000007a0000000)
  object space 172032K, 9% used [0x0000000760000000,0x00000007610a4558,0x000000076a800000)
 Metaspace       used 54892K, capacity 56588K, committed 56704K, reserved 1097728K
  class space    used 7272K, capacity 7725K, committed 7808K, reserved 1048576K
Event: 160.608 GC heap after
Heap after GC invocations=10 (full 2):
 PSYoungGen      total 199680K, used 13821K [0x00000007a0000000, 0x00000007adf00000, 0x00000007c0000000)
  eden space 185856K, 0% used [0x00000007a0000000,0x00000007a0000000,0x00000007ab580000)
  from space 13824K, 99% used [0x00000007ac680000,0x00000007ad3ff740,0x00000007ad400000)
  to   space 17408K, 0% used [0x00000007ab580000,0x00000007ab580000,0x00000007ac680000)
 ParOldGen       total 172032K, used 22756K [0x0000000760000000, 0x000000076a800000, 0x00000007a0000000)
  object space 172032K, 13% used [0x0000000760000000,0x0000000761639250,0x000000076a800000)
 Metaspace       used 54892K, capacity 56588K, committed 56704K, reserved 1097728K
  class space    used 7272K, capacity 7725K, committed 7808K, reserved 1048576K
}
Event: 161.046 GC heap before
{Heap before GC invocations=11 (full 2):
 PSYoungGen      total 199680K, used 52343K [0x00000007a0000000, 0x00000007adf00000, 0x00000007c0000000)
  eden space 185856K, 20% used [0x00000007a0000000,0x00000007a259e5b0,0x00000007ab580000)
  from space 13824K, 99% used [0x00000007ac680000,0x00000007ad3ff740,0x00000007ad400000)
  to   space 17408K, 0% used [0x00000007ab580000,0x00000007ab580000,0x00000007ac680000)
 ParOldGen       total 172032K, used 22756K [0x0000000760000000, 0x000000076a800000, 0x00000007a0000000)
  object space 172032K, 13% used [0x0000000760000000,0x0000000761639250,0x000000076a800000)
 Metaspace       used 56985K, capacity 58832K, committed 59008K, reserved 1099776K
  class space    used 7622K, capacity 8057K, committed 8064K, reserved 1048576K
Event: 161.067 GC heap after
Heap after GC invocations=11 (full 2):
 PSYoungGen      total 203264K, used 16606K [0x00000007a0000000, 0x00000007b2600000, 0x00000007c0000000)
  eden space 185856K, 0% used [0x00000007a0000000,0x00000007a0000000,0x00000007ab580000)
  from space 17408K, 95% used [0x00000007ab580000,0x00000007ac5b7a70,0x00000007ac680000)
  to   space 18944K, 0% used [0x00000007b1380000,0x00000007b1380000,0x00000007b2600000)
 ParOldGen       total 172032K, used 22764K [0x0000000760000000, 0x000000076a800000, 0x00000007a0000000)
  object space 172032K, 13% used [0x0000000760000000,0x000000076163b250,0x000000076a800000)
 Metaspace       used 56985K, capacity 58832K, committed 59008K, reserved 1099776K
  class space    used 7622K, capacity 8057K, committed 8064K, reserved 1048576K
}
Event: 161.067 GC heap before
{Heap before GC invocations=12 (full 3):
 PSYoungGen      total 203264K, used 16606K [0x00000007a0000000, 0x00000007b2600000, 0x00000007c0000000)
  eden space 185856K, 0% used [0x00000007a0000000,0x00000007a0000000,0x00000007ab580000)
  from space 17408K, 95% used [0x00000007ab580000,0x00000007ac5b7a70,0x00000007ac680000)
  to   space 18944K, 0% used [0x00000007b1380000,0x00000007b1380000,0x00000007b2600000)
 ParOldGen       total 172032K, used 22764K [0x0000000760000000, 0x000000076a800000, 0x00000007a0000000)
  object space 172032K, 13% used [0x0000000760000000,0x000000076163b250,0x000000076a800000)
 Metaspace       used 56985K, capacity 58832K, committed 59008K, reserved 1099776K
  class space    used 7622K, capacity 8057K, committed 8064K, reserved 1048576K
Event: 161.225 GC heap after
Heap after GC invocations=12 (full 3):
 PSYoungGen      total 203264K, used 0K [0x00000007a0000000, 0x00000007b2600000, 0x00000007c0000000)
  eden space 185856K, 0% used [0x00000007a0000000,0x00000007a0000000,0x00000007ab580000)
  from space 17408K, 0% used [0x00000007ab580000,0x00000007ab580000,0x00000007ac680000)
  to   space 18944K, 0% used [0x00000007b1380000,0x00000007b1380000,0x00000007b2600000)
 ParOldGen       total 211456K, used 30560K [0x0000000760000000, 0x000000076ce80000, 0x00000007a0000000)
  object space 211456K, 14% used [0x0000000760000000,0x0000000761dd8160,0x000000076ce80000)
 Metaspace       used 56962K, capacity 58744K, committed 59008K, reserved 1099776K
  class space    used 7615K, capacity 8049K, committed 8064K, reserved 1048576K
}
Event: 164.645 GC heap before
{Heap before GC invocations=13 (full 3):
 PSYoungGen      total 203264K, used 185856K [0x00000007a0000000, 0x00000007b2600000, 0x00000007c0000000)
  eden space 185856K, 100% used [0x00000007a0000000,0x00000007ab580000,0x00000007ab580000)
  from space 17408K, 0% used [0x00000007ab580000,0x00000007ab580000,0x00000007ac680000)
  to   space 18944K, 0% used [0x00000007b1380000,0x00000007b1380000,0x00000007b2600000)
 ParOldGen       total 211456K, used 30560K [0x0000000760000000, 0x000000076ce80000, 0x00000007a0000000)
  object space 211456K, 14% used [0x0000000760000000,0x0000000761dd8160,0x000000076ce80000)
 Metaspace       used 61335K, capacity 63490K, committed 63616K, reserved 1103872K
  class space    used 8221K, capacity 8779K, committed 8832K, reserved 1048576K
Event: 164.663 GC heap after
Heap after GC invocations=13 (full 3):
 PSYoungGen      total 280064K, used 18843K [0x00000007a0000000, 0x00000007b2c00000, 0x00000007c0000000)
  eden space 261120K, 0% used [0x00000007a0000000,0x00000007a0000000,0x00000007aff00000)
  from space 18944K, 99% used [0x00000007b1380000,0x00000007b25e6fb8,0x00000007b2600000)
  to   space 20992K, 0% used [0x00000007aff00000,0x00000007aff00000,0x00000007b1380000)
 ParOldGen       total 211456K, used 30568K [0x0000000760000000, 0x000000076ce80000, 0x00000007a0000000)
  object space 211456K, 14% used [0x0000000760000000,0x0000000761dda160,0x000000076ce80000)
 Metaspace       used 61335K, capacity 63490K, committed 63616K, reserved 1103872K
  class space    used 8221K, capacity 8779K, committed 8832K, reserved 1048576K
}
Event: 250.828 GC heap before
{Heap before GC invocations=14 (full 3):
 PSYoungGen      total 280064K, used 279963K [0x00000007a0000000, 0x00000007b2c00000, 0x00000007c0000000)
  eden space 261120K, 100% used [0x00000007a0000000,0x00000007aff00000,0x00000007aff00000)
  from space 18944K, 99% used [0x00000007b1380000,0x00000007b25e6fb8,0x00000007b2600000)
  to   space 20992K, 0% used [0x00000007aff00000,0x00000007aff00000,0x00000007b1380000)
 ParOldGen       total 211456K, used 30568K [0x0000000760000000, 0x000000076ce80000, 0x00000007a0000000)
  object space 211456K, 14% used [0x0000000760000000,0x0000000761dda160,0x000000076ce80000)
 Metaspace       used 66918K, capacity 69738K, committed 70016K, reserved 1110016K
  class space    used 8811K, capacity 9511K, committed 9600K, reserved 1048576K
Event: 250.872 GC heap after
Heap after GC invocations=14 (full 3):
 PSYoungGen      total 282112K, used 20990K [0x00000007a0000000, 0x00000007b9400000, 0x00000007c0000000)
  eden space 261120K, 0% used [0x00000007a0000000,0x00000007a0000000,0x00000007aff00000)
  from space 20992K, 99% used [0x00000007aff00000,0x00000007b137f918,0x00000007b1380000)
  to   space 25088K, 0% used [0x00000007b7b80000,0x00000007b7b80000,0x00000007b9400000)
 ParOldGen       total 211456K, used 34940K [0x0000000760000000, 0x000000076ce80000, 0x00000007a0000000)
  object space 211456K, 16% used [0x0000000760000000,0x000000076221f0a8,0x000000076ce80000)
 Metaspace       used 66918K, capacity 69738K, committed 70016K, reserved 1110016K
  class space    used 8811K, capacity 9511K, committed 9600K, reserved 1048576K
}

