# JRE version: OpenJDK Runtime Environment (8.0_152-b01) (build 1.8.0_152-release-1024-b01)
# Java VM: OpenJDK 64-Bit Server VM (25.152-b01 mixed mode bsd-amd64 compressed oops)
Heap:
 PSYoungGen      total 403456K, used 31792K [0x00000007a0000000, 0x00000007bed80000, 0x00000007c0000000)
  eden space 363008K, 6% used [0x00000007a0000000,0x00000007a16c7df8,0x00000007b6280000)
  from space 40448K, 20% used [0x00000007b6280000,0x00000007b6ac4300,0x00000007b8a00000)
  to   space 39936K, 0% used [0x00000007bc680000,0x00000007bc680000,0x00000007bed80000)
 ParOldGen       total 211968K, used 87983K [0x0000000760000000, 0x000000076cf00000, 0x00000007a0000000)
  object space 211968K, 41% used [0x0000000760000000,0x00000007655ebe70,0x000000076cf00000)
 Metaspace       used 90322K, capacity 94534K, committed 94720K, reserved 1132544K
  class space    used 11587K, capacity 12511K, committed 12544K, reserved 1048576K
GC Heap History (10 events):
Event: 9.156 GC heap before
{Heap before GC invocations=12 (full 3):
 PSYoungGen      total 255488K, used 21477K [0x00000007a0000000, 0x00000007b7080000, 0x00000007c0000000)
  eden space 233984K, 0% used [0x00000007a0000000,0x00000007a0000000,0x00000007ae480000)
  from space 21504K, 99% used [0x00000007ae480000,0x00000007af979510,0x00000007af980000)
  to   space 27136K, 0% used [0x00000007b5600000,0x00000007b5600000,0x00000007b7080000)
 ParOldGen       total 141312K, used 32159K [0x0000000760000000, 0x0000000768a00000, 0x00000007a0000000)
  object space 141312K, 22% used [0x0000000760000000,0x0000000761f67d48,0x0000000768a00000)
 Metaspace       used 57263K, capacity 58946K, committed 59028K, reserved 1099776K
  class space    used 7935K, capacity 8414K, committed 8448K, reserved 1048576K
Event: 9.409 GC heap after
Heap after GC invocations=12 (full 3):
 PSYoungGen      total 255488K, used 0K [0x00000007a0000000, 0x00000007b7080000, 0x00000007c0000000)
  eden space 233984K, 0% used [0x00000007a0000000,0x00000007a0000000,0x00000007ae480000)
  from space 21504K, 0% used [0x00000007ae480000,0x00000007ae480000,0x00000007af980000)
  to   space 27136K, 0% used [0x00000007b5600000,0x00000007b5600000,0x00000007b7080000)
 ParOldGen       total 211968K, used 45824K [0x0000000760000000, 0x000000076cf00000, 0x00000007a0000000)
  object space 211968K, 21% used [0x0000000760000000,0x0000000762cc0318,0x000000076cf00000)
 Metaspace       used 57263K, capacity 58946K, committed 59028K, reserved 1099776K
  class space    used 7935K, capacity 8414K, committed 8448K, reserved 1048576K
}
Event: 155.841 GC heap before
{Heap before GC invocations=13 (full 3):
 PSYoungGen      total 255488K, used 233984K [0x00000007a0000000, 0x00000007b7080000, 0x00000007c0000000)
  eden space 233984K, 100% used [0x00000007a0000000,0x00000007ae480000,0x00000007ae480000)
  from space 21504K, 0% used [0x00000007ae480000,0x00000007ae480000,0x00000007af980000)
  to   space 27136K, 0% used [0x00000007b5600000,0x00000007b5600000,0x00000007b7080000)
 ParOldGen       total 211968K, used 45824K [0x0000000760000000, 0x000000076cf00000, 0x00000007a0000000)
  object space 211968K, 21% used [0x0000000760000000,0x0000000762cc0318,0x000000076cf00000)
 Metaspace       used 65272K, capacity 67512K, committed 67840K, reserved 1107968K
  class space    used 8772K, capacity 9357K, committed 9472K, reserved 1048576K
Event: 155.854 GC heap after
Heap after GC invocations=13 (full 3):
 PSYoungGen      total 309248K, used 10168K [0x00000007a0000000, 0x00000007b6000000, 0x00000007c0000000)
  eden space 299008K, 0% used [0x00000007a0000000,0x00000007a0000000,0x00000007b2400000)
  from space 10240K, 99% used [0x00000007b5600000,0x00000007b5fee3c8,0x00000007b6000000)
  to   space 26624K, 0% used [0x00000007b2c00000,0x00000007b2c00000,0x00000007b4600000)
 ParOldGen       total 211968K, used 45832K [0x0000000760000000, 0x000000076cf00000, 0x00000007a0000000)
  object space 211968K, 21% used [0x0000000760000000,0x0000000762cc2318,0x000000076cf00000)
 Metaspace       used 65272K, capacity 67512K, committed 67840K, reserved 1107968K
  class space    used 8772K, capacity 9357K, committed 9472K, reserved 1048576K
}
Event: 162.087 GC heap before
{Heap before GC invocations=14 (full 3):
 PSYoungGen      total 309248K, used 309176K [0x00000007a0000000, 0x00000007b6000000, 0x00000007c0000000)
  eden space 299008K, 100% used [0x00000007a0000000,0x00000007b2400000,0x00000007b2400000)
  from space 10240K, 99% used [0x00000007b5600000,0x00000007b5fee3c8,0x00000007b6000000)
  to   space 26624K, 0% used [0x00000007b2c00000,0x00000007b2c00000,0x00000007b4600000)
 ParOldGen       total 211968K, used 45832K [0x0000000760000000, 0x000000076cf00000, 0x00000007a0000000)
  object space 211968K, 21% used [0x0000000760000000,0x0000000762cc2318,0x000000076cf00000)
 Metaspace       used 80785K, capacity 84132K, committed 84224K, reserved 1122304K
  class space    used 10706K, capacity 11490K, committed 11520K, reserved 1048576K
Event: 162.116 GC heap after
Heap after GC invocations=14 (full 3):
 PSYoungGen      total 333824K, used 26606K [0x00000007a0000000, 0x00000007ba900000, 0x00000007c0000000)
  eden space 307200K, 0% used [0x00000007a0000000,0x00000007a0000000,0x00000007b2c00000)
  from space 26624K, 99% used [0x00000007b2c00000,0x00000007b45fb8f8,0x00000007b4600000)
  to   space 31744K, 0% used [0x00000007b8a00000,0x00000007b8a00000,0x00000007ba900000)
 ParOldGen       total 211968K, used 50378K [0x0000000760000000, 0x000000076cf00000, 0x00000007a0000000)
  object space 211968K, 23% used [0x0000000760000000,0x0000000763132a28,0x000000076cf00000)
 Metaspace       used 80785K, capacity 84132K, committed 84224K, reserved 1122304K
  class space    used 10706K, capacity 11490K, committed 11520K, reserved 1048576K
}
Event: 172.966 GC heap before
{Heap before GC invocations=15 (full 3):
 PSYoungGen      total 333824K, used 332950K [0x00000007a0000000, 0x00000007ba900000, 0x00000007c0000000)
  eden space 307200K, 99% used [0x00000007a0000000,0x00000007b2b2a290,0x00000007b2c00000)
  from space 26624K, 99% used [0x00000007b2c00000,0x00000007b45fb8f8,0x00000007b4600000)
  to   space 31744K, 0% used [0x00000007b8a00000,0x00000007b8a00000,0x00000007ba900000)
 ParOldGen       total 211968K, used 50378K [0x0000000760000000, 0x000000076cf00000, 0x00000007a0000000)
  object space 211968K, 23% used [0x0000000760000000,0x0000000763132a28,0x000000076cf00000)
 Metaspace       used 87733K, capacity 91382K, committed 91520K, reserved 1128448K
  class space    used 11326K, capacity 12121K, committed 12160K, reserved 1048576K
Event: 173.004 GC heap after
Heap after GC invocations=15 (full 3):
 PSYoungGen      total 394752K, used 31742K [0x00000007a0000000, 0x00000007bba00000, 0x00000007c0000000)
  eden space 363008K, 0% used [0x00000007a0000000,0x00000007a0000000,0x00000007b6280000)
  from space 31744K, 99% used [0x00000007b8a00000,0x00000007ba8ffa00,0x00000007ba900000)
  to   space 40448K, 0% used [0x00000007b6280000,0x00000007b6280000,0x00000007b8a00000)
 ParOldGen       total 211968K, used 61644K [0x0000000760000000, 0x000000076cf00000, 0x00000007a0000000)
  object space 211968K, 29% used [0x0000000760000000,0x0000000763c33370,0x000000076cf00000)
 Metaspace       used 87733K, capacity 91382K, committed 91520K, reserved 1128448K
  class space    used 11326K, capacity 12121K, committed 12160K, reserved 1048576K
}
Event: 316.602 GC heap before
{Heap before GC invocations=16 (full 3):
 PSYoungGen      total 394752K, used 394750K [0x00000007a0000000, 0x00000007bba00000, 0x00000007c0000000)
  eden space 363008K, 100% used [0x00000007a0000000,0x00000007b6280000,0x00000007b6280000)
  from space 31744K, 99% used [0x00000007b8a00000,0x00000007ba8ffa00,0x00000007ba900000)
  to   space 40448K, 0% used [0x00000007b6280000,0x00000007b6280000,0x00000007b8a00000)
 ParOldGen       total 211968K, used 61644K [0x0000000760000000, 0x000000076cf00000, 0x00000007a0000000)
  object space 211968K, 29% used [0x0000000760000000,0x0000000763c33370,0x000000076cf00000)
 Metaspace       used 90290K, capacity 94534K, committed 94720K, reserved 1132544K
  class space    used 11587K, capacity 12511K, committed 12544K, reserved 1048576K
Event: 316.635 GC heap after
Heap after GC invocations=16 (full 3):
 PSYoungGen      total 403456K, used 8464K [0x00000007a0000000, 0x00000007bed80000, 0x00000007c0000000)
  eden space 363008K, 0% used [0x00000007a0000000,0x00000007a0000000,0x00000007b6280000)
  from space 40448K, 20% used [0x00000007b6280000,0x00000007b6ac4300,0x00000007b8a00000)
  to   space 39936K, 0% used [0x00000007bc680000,0x00000007bc680000,0x00000007bed80000)
 ParOldGen       total 211968K, used 87983K [0x0000000760000000, 0x000000076cf00000, 0x00000007a0000000)
  object space 211968K, 41% used [0x0000000760000000,0x00000007655ebe70,0x000000076cf00000)
 Metaspace       used 90290K, capacity 94534K, committed 94720K, reserved 1132544K
  class space    used 11587K, capacity 12511K, committed 12544K, reserved 1048576K
}

