# JRE version: OpenJDK Runtime Environment (8.0_152-b01) (build 1.8.0_152-release-1024-b01)
# Java VM: OpenJDK 64-Bit Server VM (25.152-b01 mixed mode bsd-amd64 compressed oops)
Heap:
 PSYoungGen      total 138240K, used 16930K [0x00000007a0000000, 0x00000007a9b80000, 0x00000007c0000000)
  eden space 127488K, 4% used [0x00000007a0000000,0x00000007a0609248,0x00000007a7c80000)
  from space 10752K, 99% used [0x00000007a7c80000,0x00000007a86ff630,0x00000007a8700000)
  to   space 13824K, 0% used [0x00000007a8e00000,0x00000007a8e00000,0x00000007a9b80000)
 ParOldGen       total 111616K, used 11270K [0x0000000760000000, 0x0000000766d00000, 0x00000007a0000000)
  object space 111616K, 10% used [0x0000000760000000,0x0000000760b018a0,0x0000000766d00000)
 Metaspace       used 34377K, capacity 35106K, committed 35328K, reserved 1079296K
  class space    used 4819K, capacity 5090K, committed 5120K, reserved 1048576K
GC Heap History (10 events):
Event: 1.726 GC heap before
{Heap before GC invocations=2 (full 0):
 PSYoungGen      total 76288K, used 73306K [0x00000007a0000000, 0x00000007a5500000, 0x00000007c0000000)
  eden space 65536K, 100% used [0x00000007a0000000,0x00000007a4000000,0x00000007a4000000)
  from space 10752K, 72% used [0x00000007a4000000,0x00000007a4796af8,0x00000007a4a80000)
  to   space 10752K, 0% used [0x00000007a4a80000,0x00000007a4a80000,0x00000007a5500000)
 ParOldGen       total 175104K, used 16K [0x0000000760000000, 0x000000076ab00000, 0x00000007a0000000)
  object space 175104K, 0% used [0x0000000760000000,0x0000000760004000,0x000000076ab00000)
 Metaspace       used 16681K, capacity 17068K, committed 17408K, reserved 1064960K
  class space    used 2414K, capacity 2542K, committed 2560K, reserved 1048576K
Event: 1.740 GC heap after
Heap after GC invocations=2 (full 0):
 PSYoungGen      total 76288K, used 10326K [0x00000007a0000000, 0x00000007a9500000, 0x00000007c0000000)
  eden space 65536K, 0% used [0x00000007a0000000,0x00000007a0000000,0x00000007a4000000)
  from space 10752K, 96% used [0x00000007a4a80000,0x00000007a5495af0,0x00000007a5500000)
  to   space 10752K, 0% used [0x00000007a4000000,0x00000007a4000000,0x00000007a4a80000)
 ParOldGen       total 175104K, used 24K [0x0000000760000000, 0x000000076ab00000, 0x00000007a0000000)
  object space 175104K, 0% used [0x0000000760000000,0x0000000760006000,0x000000076ab00000)
 Metaspace       used 16681K, capacity 17068K, committed 17408K, reserved 1064960K
  class space    used 2414K, capacity 2542K, committed 2560K, reserved 1048576K
}
Event: 2.092 GC heap before
{Heap before GC invocations=3 (full 0):
 PSYoungGen      total 76288K, used 32262K [0x00000007a0000000, 0x00000007a9500000, 0x00000007c0000000)
  eden space 65536K, 33% used [0x00000007a0000000,0x00000007a156bf90,0x00000007a4000000)
  from space 10752K, 96% used [0x00000007a4a80000,0x00000007a5495af0,0x00000007a5500000)
  to   space 10752K, 0% used [0x00000007a4000000,0x00000007a4000000,0x00000007a4a80000)
 ParOldGen       total 175104K, used 24K [0x0000000760000000, 0x000000076ab00000, 0x00000007a0000000)
  object space 175104K, 0% used [0x0000000760000000,0x0000000760006000,0x000000076ab00000)
 Metaspace       used 20670K, capacity 21070K, committed 21248K, reserved 1067008K
  class space    used 2901K, capacity 3038K, committed 3072K, reserved 1048576K
Event: 2.098 GC heap after
Heap after GC invocations=3 (full 0):
 PSYoungGen      total 76288K, used 8668K [0x00000007a0000000, 0x00000007a9500000, 0x00000007c0000000)
  eden space 65536K, 0% used [0x00000007a0000000,0x00000007a0000000,0x00000007a4000000)
  from space 10752K, 80% used [0x00000007a4000000,0x00000007a4877290,0x00000007a4a80000)
  to   space 10752K, 0% used [0x00000007a8a80000,0x00000007a8a80000,0x00000007a9500000)
 ParOldGen       total 175104K, used 32K [0x0000000760000000, 0x000000076ab00000, 0x00000007a0000000)
  object space 175104K, 0% used [0x0000000760000000,0x0000000760008000,0x000000076ab00000)
 Metaspace       used 20670K, capacity 21070K, committed 21248K, reserved 1067008K
  class space    used 2901K, capacity 3038K, committed 3072K, reserved 1048576K
}
Event: 2.098 GC heap before
{Heap before GC invocations=4 (full 1):
 PSYoungGen      total 76288K, used 8668K [0x00000007a0000000, 0x00000007a9500000, 0x00000007c0000000)
  eden space 65536K, 0% used [0x00000007a0000000,0x00000007a0000000,0x00000007a4000000)
  from space 10752K, 80% used [0x00000007a4000000,0x00000007a4877290,0x00000007a4a80000)
  to   space 10752K, 0% used [0x00000007a8a80000,0x00000007a8a80000,0x00000007a9500000)
 ParOldGen       total 175104K, used 32K [0x0000000760000000, 0x000000076ab00000, 0x00000007a0000000)
  object space 175104K, 0% used [0x0000000760000000,0x0000000760008000,0x000000076ab00000)
 Metaspace       used 20670K, capacity 21070K, committed 21248K, reserved 1067008K
  class space    used 2901K, capacity 3038K, committed 3072K, reserved 1048576K
Event: 2.137 GC heap after
Heap after GC invocations=4 (full 1):
 PSYoungGen      total 76288K, used 0K [0x00000007a0000000, 0x00000007a9500000, 0x00000007c0000000)
  eden space 65536K, 0% used [0x00000007a0000000,0x00000007a0000000,0x00000007a4000000)
  from space 10752K, 0% used [0x00000007a4000000,0x00000007a4000000,0x00000007a4a80000)
  to   space 10752K, 0% used [0x00000007a8a80000,0x00000007a8a80000,0x00000007a9500000)
 ParOldGen       total 111616K, used 8446K [0x0000000760000000, 0x0000000766d00000, 0x00000007a0000000)
  object space 111616K, 7% used [0x0000000760000000,0x000000076083f840,0x0000000766d00000)
 Metaspace       used 20670K, capacity 21070K, committed 21248K, reserved 1067008K
  class space    used 2901K, capacity 3038K, committed 3072K, reserved 1048576K
}
Event: 2.905 GC heap before
{Heap before GC invocations=5 (full 1):
 PSYoungGen      total 76288K, used 65536K [0x00000007a0000000, 0x00000007a9500000, 0x00000007c0000000)
  eden space 65536K, 100% used [0x00000007a0000000,0x00000007a4000000,0x00000007a4000000)
  from space 10752K, 0% used [0x00000007a4000000,0x00000007a4000000,0x00000007a4a80000)
  to   space 10752K, 0% used [0x00000007a8a80000,0x00000007a8a80000,0x00000007a9500000)
 ParOldGen       total 111616K, used 8446K [0x0000000760000000, 0x0000000766d00000, 0x00000007a0000000)
  object space 111616K, 7% used [0x0000000760000000,0x000000076083f840,0x0000000766d00000)
 Metaspace       used 26094K, capacity 26694K, committed 26880K, reserved 1073152K
  class space    used 3595K, capacity 3776K, committed 3840K, reserved 1048576K
Event: 2.914 GC heap after
Heap after GC invocations=5 (full 1):
 PSYoungGen      total 100864K, used 6764K [0x00000007a0000000, 0x00000007a9180000, 0x00000007c0000000)
  eden space 93696K, 0% used [0x00000007a0000000,0x00000007a0000000,0x00000007a5b80000)
  from space 7168K, 94% used [0x00000007a8a80000,0x00000007a911b120,0x00000007a9180000)
  to   space 10752K, 0% used [0x00000007a7c80000,0x00000007a7c80000,0x00000007a8700000)
 ParOldGen       total 111616K, used 8454K [0x0000000760000000, 0x0000000766d00000, 0x00000007a0000000)
  object space 111616K, 7% used [0x0000000760000000,0x0000000760841840,0x0000000766d00000)
 Metaspace       used 26094K, capacity 26694K, committed 26880K, reserved 1073152K
  class space    used 3595K, capacity 3776K, committed 3840K, reserved 1048576K
}
Event: 4.235 GC heap before
{Heap before GC invocations=6 (full 1):
 PSYoungGen      total 100864K, used 100460K [0x00000007a0000000, 0x00000007a9180000, 0x00000007c0000000)
  eden space 93696K, 100% used [0x00000007a0000000,0x00000007a5b80000,0x00000007a5b80000)
  from space 7168K, 94% used [0x00000007a8a80000,0x00000007a911b120,0x00000007a9180000)
  to   space 10752K, 0% used [0x00000007a7c80000,0x00000007a7c80000,0x00000007a8700000)
 ParOldGen       total 111616K, used 8454K [0x0000000760000000, 0x0000000766d00000, 0x00000007a0000000)
  object space 111616K, 7% used [0x0000000760000000,0x0000000760841840,0x0000000766d00000)
 Metaspace       used 33750K, capacity 34498K, committed 34816K, reserved 1079296K
  class space    used 4742K, capacity 4994K, committed 5120K, reserved 1048576K
Event: 4.247 GC heap after
Heap after GC invocations=6 (full 1):
 PSYoungGen      total 138240K, used 10749K [0x00000007a0000000, 0x00000007a9b80000, 0x00000007c0000000)
  eden space 127488K, 0% used [0x00000007a0000000,0x00000007a0000000,0x00000007a7c80000)
  from space 10752K, 99% used [0x00000007a7c80000,0x00000007a86ff630,0x00000007a8700000)
  to   space 13824K, 0% used [0x00000007a8e00000,0x00000007a8e00000,0x00000007a9b80000)
 ParOldGen       total 111616K, used 11270K [0x0000000760000000, 0x0000000766d00000, 0x00000007a0000000)
  object space 111616K, 10% used [0x0000000760000000,0x0000000760b018a0,0x0000000766d00000)
 Metaspace       used 33750K, capacity 34498K, committed 34816K, reserved 1079296K
  class space    used 4742K, capacity 4994K, committed 5120K, reserved 1048576K
}

