# JRE version: OpenJDK Runtime Environment (8.0_152-b01) (build 1.8.0_152-release-1024-b01)
# Java VM: OpenJDK 64-Bit Server VM (25.152-b01 mixed mode bsd-amd64 compressed oops)
Heap:
 PSYoungGen      total 253440K, used 31662K [0x00000007a0000000, 0x00000007b3f00000, 0x00000007c0000000)
  eden space 224256K, 5% used [0x00000007a0000000,0x00000007a0cf1fb8,0x00000007adb00000)
  from space 29184K, 63% used [0x00000007adb00000,0x00000007aecf9bb8,0x00000007af780000)
  to   space 29184K, 0% used [0x00000007b2280000,0x00000007b2280000,0x00000007b3f00000)
 ParOldGen       total 250368K, used 39406K [0x0000000760000000, 0x000000076f480000, 0x00000007a0000000)
  object space 250368K, 15% used [0x0000000760000000,0x000000076267b998,0x000000076f480000)
 Metaspace       used 78687K, capacity 82986K, committed 83160K, reserved 1122304K
  class space    used 10369K, capacity 11158K, committed 11264K, reserved 1048576K
GC Heap History (10 events):
Event: 100.351 GC heap before
{Heap before GC invocations=10 (full 2):
 PSYoungGen      total 153600K, used 153268K [0x00000007a0000000, 0x00000007ae700000, 0x00000007c0000000)
  eden space 138240K, 99% used [0x00000007a0000000,0x00000007a86aea58,0x00000007a8700000)
  from space 15360K, 99% used [0x00000007a8700000,0x00000007a95fe8e8,0x00000007a9600000)
  to   space 20992K, 0% used [0x00000007ad280000,0x00000007ad280000,0x00000007ae700000)
 ParOldGen       total 172032K, used 26941K [0x0000000760000000, 0x000000076a800000, 0x00000007a0000000)
  object space 172032K, 15% used [0x0000000760000000,0x0000000761a4f668,0x000000076a800000)
 Metaspace       used 57198K, capacity 58918K, committed 58968K, reserved 1099776K
  class space    used 7613K, capacity 8054K, committed 8064K, reserved 1048576K
Event: 100.372 GC heap after
Heap after GC invocations=10 (full 2):
 PSYoungGen      total 206336K, used 20961K [0x00000007a0000000, 0x00000007ae900000, 0x00000007c0000000)
  eden space 185344K, 0% used [0x00000007a0000000,0x00000007a0000000,0x00000007ab500000)
  from space 20992K, 99% used [0x00000007ad280000,0x00000007ae6f8470,0x00000007ae700000)
  to   space 26624K, 0% used [0x00000007ab500000,0x00000007ab500000,0x00000007acf00000)
 ParOldGen       total 172032K, used 33842K [0x0000000760000000, 0x000000076a800000, 0x00000007a0000000)
  object space 172032K, 19% used [0x0000000760000000,0x000000076210cac0,0x000000076a800000)
 Metaspace       used 57198K, capacity 58918K, committed 58968K, reserved 1099776K
  class space    used 7613K, capacity 8054K, committed 8064K, reserved 1048576K
}
Event: 100.372 GC heap before
{Heap before GC invocations=11 (full 3):
 PSYoungGen      total 206336K, used 20961K [0x00000007a0000000, 0x00000007ae900000, 0x00000007c0000000)
  eden space 185344K, 0% used [0x00000007a0000000,0x00000007a0000000,0x00000007ab500000)
  from space 20992K, 99% used [0x00000007ad280000,0x00000007ae6f8470,0x00000007ae700000)
  to   space 26624K, 0% used [0x00000007ab500000,0x00000007ab500000,0x00000007acf00000)
 ParOldGen       total 172032K, used 33842K [0x0000000760000000, 0x000000076a800000, 0x00000007a0000000)
  object space 172032K, 19% used [0x0000000760000000,0x000000076210cac0,0x000000076a800000)
 Metaspace       used 57198K, capacity 58918K, committed 58968K, reserved 1099776K
  class space    used 7613K, capacity 8054K, committed 8064K, reserved 1048576K
Event: 100.531 GC heap after
Heap after GC invocations=11 (full 3):
 PSYoungGen      total 206336K, used 0K [0x00000007a0000000, 0x00000007ae900000, 0x00000007c0000000)
  eden space 185344K, 0% used [0x00000007a0000000,0x00000007a0000000,0x00000007ab500000)
  from space 20992K, 0% used [0x00000007ad280000,0x00000007ad280000,0x00000007ae700000)
  to   space 26624K, 0% used [0x00000007ab500000,0x00000007ab500000,0x00000007acf00000)
 ParOldGen       total 250368K, used 39009K [0x0000000760000000, 0x000000076f480000, 0x00000007a0000000)
  object space 250368K, 15% used [0x0000000760000000,0x0000000762618658,0x000000076f480000)
 Metaspace       used 57198K, capacity 58918K, committed 58968K, reserved 1099776K
  class space    used 7613K, capacity 8054K, committed 8064K, reserved 1048576K
}
Event: 104.026 GC heap before
{Heap before GC invocations=12 (full 3):
 PSYoungGen      total 206336K, used 185344K [0x00000007a0000000, 0x00000007ae900000, 0x00000007c0000000)
  eden space 185344K, 100% used [0x00000007a0000000,0x00000007ab500000,0x00000007ab500000)
  from space 20992K, 0% used [0x00000007ad280000,0x00000007ad280000,0x00000007ae700000)
  to   space 26624K, 0% used [0x00000007ab500000,0x00000007ab500000,0x00000007acf00000)
 ParOldGen       total 250368K, used 39009K [0x0000000760000000, 0x000000076f480000, 0x00000007a0000000)
  object space 250368K, 15% used [0x0000000760000000,0x0000000762618658,0x000000076f480000)
 Metaspace       used 66143K, capacity 68078K, committed 68184K, reserved 1107968K
  class space    used 8587K, capacity 9030K, committed 9088K, reserved 1048576K
Event: 104.038 GC heap after
Heap after GC invocations=12 (full 3):
 PSYoungGen      total 211968K, used 11659K [0x00000007a0000000, 0x00000007b1080000, 0x00000007c0000000)
  eden space 185344K, 0% used [0x00000007a0000000,0x00000007a0000000,0x00000007ab500000)
  from space 26624K, 43% used [0x00000007ab500000,0x00000007ac062fb0,0x00000007acf00000)
  to   space 25600K, 0% used [0x00000007af780000,0x00000007af780000,0x00000007b1080000)
 ParOldGen       total 250368K, used 39017K [0x0000000760000000, 0x000000076f480000, 0x00000007a0000000)
  object space 250368K, 15% used [0x0000000760000000,0x000000076261a658,0x000000076f480000)
 Metaspace       used 66143K, capacity 68078K, committed 68184K, reserved 1107968K
  class space    used 8587K, capacity 9030K, committed 9088K, reserved 1048576K
}
Event: 106.047 GC heap before
{Heap before GC invocations=13 (full 3):
 PSYoungGen      total 211968K, used 195968K [0x00000007a0000000, 0x00000007b1080000, 0x00000007c0000000)
  eden space 185344K, 99% used [0x00000007a0000000,0x00000007ab3fd1c0,0x00000007ab500000)
  from space 26624K, 43% used [0x00000007ab500000,0x00000007ac062fb0,0x00000007acf00000)
  to   space 25600K, 0% used [0x00000007af780000,0x00000007af780000,0x00000007b1080000)
 ParOldGen       total 250368K, used 39017K [0x0000000760000000, 0x000000076f480000, 0x00000007a0000000)
  object space 250368K, 15% used [0x0000000760000000,0x000000076261a658,0x000000076f480000)
 Metaspace       used 76187K, capacity 80186K, committed 80472K, reserved 1118208K
  class space    used 10037K, capacity 10824K, committed 10880K, reserved 1048576K
Event: 106.067 GC heap after
Heap after GC invocations=13 (full 3):
 PSYoungGen      total 249856K, used 25592K [0x00000007a0000000, 0x00000007b1900000, 0x00000007c0000000)
  eden space 224256K, 0% used [0x00000007a0000000,0x00000007a0000000,0x00000007adb00000)
  from space 25600K, 99% used [0x00000007af780000,0x00000007b107e2b0,0x00000007b1080000)
  to   space 29184K, 0% used [0x00000007adb00000,0x00000007adb00000,0x00000007af780000)
 ParOldGen       total 250368K, used 39398K [0x0000000760000000, 0x000000076f480000, 0x00000007a0000000)
  object space 250368K, 15% used [0x0000000760000000,0x0000000762679998,0x000000076f480000)
 Metaspace       used 76187K, capacity 80186K, committed 80472K, reserved 1118208K
  class space    used 10037K, capacity 10824K, committed 10880K, reserved 1048576K
}
Event: 413.604 GC heap before
{Heap before GC invocations=14 (full 3):
 PSYoungGen      total 249856K, used 249848K [0x00000007a0000000, 0x00000007b1900000, 0x00000007c0000000)
  eden space 224256K, 100% used [0x00000007a0000000,0x00000007adb00000,0x00000007adb00000)
  from space 25600K, 99% used [0x00000007af780000,0x00000007b107e2b0,0x00000007b1080000)
  to   space 29184K, 0% used [0x00000007adb00000,0x00000007adb00000,0x00000007af780000)
 ParOldGen       total 250368K, used 39398K [0x0000000760000000, 0x000000076f480000, 0x00000007a0000000)
  object space 250368K, 15% used [0x0000000760000000,0x0000000762679998,0x000000076f480000)
 Metaspace       used 78677K, capacity 82986K, committed 83160K, reserved 1122304K
  class space    used 10369K, capacity 11158K, committed 11264K, reserved 1048576K
Event: 413.640 GC heap after
Heap after GC invocations=14 (full 3):
 PSYoungGen      total 253440K, used 18406K [0x00000007a0000000, 0x00000007b3f00000, 0x00000007c0000000)
  eden space 224256K, 0% used [0x00000007a0000000,0x00000007a0000000,0x00000007adb00000)
  from space 29184K, 63% used [0x00000007adb00000,0x00000007aecf9bb8,0x00000007af780000)
  to   space 29184K, 0% used [0x00000007b2280000,0x00000007b2280000,0x00000007b3f00000)
 ParOldGen       total 250368K, used 39406K [0x0000000760000000, 0x000000076f480000, 0x00000007a0000000)
  object space 250368K, 15% used [0x0000000760000000,0x000000076267b998,0x000000076f480000)
 Metaspace       used 78677K, capacity 82986K, committed 83160K, reserved 1122304K
  class space    used 10369K, capacity 11158K, committed 11264K, reserved 1048576K
}

