# JRE version: OpenJDK Runtime Environment (8.0_152-b01) (build 1.8.0_152-release-1024-b01)
# Java VM: OpenJDK 64-Bit Server VM (25.152-b01 mixed mode bsd-amd64 compressed oops)
Heap:
 PSYoungGen      total 302592K, used 82303K [0x00000007a0000000, 0x00000007ba100000, 0x00000007c0000000)
  eden space 289792K, 23% used [0x00000007a0000000,0x00000007a43e2770,0x00000007b1b00000)
  from space 12800K, 99% used [0x00000007b3000000,0x00000007b3c7d500,0x00000007b3c80000)
  to   space 21504K, 0% used [0x00000007b1b00000,0x00000007b1b00000,0x00000007b3000000)
 ParOldGen       total 161280K, used 29744K [0x0000000760000000, 0x0000000769d80000, 0x00000007a0000000)
  object space 161280K, 18% used [0x0000000760000000,0x0000000761d0c3a0,0x0000000769d80000)
 Metaspace       used 54887K, capacity 56558K, committed 56792K, reserved 1097728K
  class space    used 7492K, capacity 7882K, committed 7936K, reserved 1048576K
GC Heap History (10 events):
Event: 2.277 GC heap before
{Heap before GC invocations=4 (full 1):
 PSYoungGen      total 141824K, used 8973K [0x00000007a0000000, 0x00000007b1500000, 0x00000007c0000000)
  eden space 131072K, 0% used [0x00000007a0000000,0x00000007a0000000,0x00000007a8000000)
  from space 10752K, 83% used [0x00000007a8000000,0x00000007a88c3590,0x00000007a8a80000)
  to   space 10752K, 0% used [0x00000007b0a80000,0x00000007b0a80000,0x00000007b1500000)
 ParOldGen       total 175104K, used 32K [0x0000000760000000, 0x000000076ab00000, 0x00000007a0000000)
  object space 175104K, 0% used [0x0000000760000000,0x0000000760008000,0x000000076ab00000)
 Metaspace       used 20725K, capacity 21102K, committed 21248K, reserved 1067008K
  class space    used 2912K, capacity 3069K, committed 3072K, reserved 1048576K
Event: 2.306 GC heap after
Heap after GC invocations=4 (full 1):
 PSYoungGen      total 141824K, used 0K [0x00000007a0000000, 0x00000007b1500000, 0x00000007c0000000)
  eden space 131072K, 0% used [0x00000007a0000000,0x00000007a0000000,0x00000007a8000000)
  from space 10752K, 0% used [0x00000007a8000000,0x00000007a8000000,0x00000007a8a80000)
  to   space 10752K, 0% used [0x00000007b0a80000,0x00000007b0a80000,0x00000007b1500000)
 ParOldGen       total 104448K, used 8715K [0x0000000760000000, 0x0000000766600000, 0x00000007a0000000)
  object space 104448K, 8% used [0x0000000760000000,0x0000000760882ff0,0x0000000766600000)
 Metaspace       used 20725K, capacity 21102K, committed 21248K, reserved 1067008K
  class space    used 2912K, capacity 3069K, committed 3072K, reserved 1048576K
}
Event: 4.277 GC heap before
{Heap before GC invocations=5 (full 1):
 PSYoungGen      total 141824K, used 131072K [0x00000007a0000000, 0x00000007b1500000, 0x00000007c0000000)
  eden space 131072K, 100% used [0x00000007a0000000,0x00000007a8000000,0x00000007a8000000)
  from space 10752K, 0% used [0x00000007a8000000,0x00000007a8000000,0x00000007a8a80000)
  to   space 10752K, 0% used [0x00000007b0a80000,0x00000007b0a80000,0x00000007b1500000)
 ParOldGen       total 104448K, used 8715K [0x0000000760000000, 0x0000000766600000, 0x00000007a0000000)
  object space 104448K, 8% used [0x0000000760000000,0x0000000760882ff0,0x0000000766600000)
 Metaspace       used 29389K, capacity 29884K, committed 30208K, reserved 1075200K
  class space    used 4139K, capacity 4321K, committed 4352K, reserved 1048576K
Event: 4.289 GC heap after
Heap after GC invocations=5 (full 1):
 PSYoungGen      total 208384K, used 10744K [0x00000007a0000000, 0x00000007b1500000, 0x00000007c0000000)
  eden space 197632K, 0% used [0x00000007a0000000,0x00000007a0000000,0x00000007ac100000)
  from space 10752K, 99% used [0x00000007b0a80000,0x00000007b14fe3d8,0x00000007b1500000)
  to   space 10752K, 0% used [0x00000007b0000000,0x00000007b0000000,0x00000007b0a80000)
 ParOldGen       total 104448K, used 10501K [0x0000000760000000, 0x0000000766600000, 0x00000007a0000000)
  object space 104448K, 10% used [0x0000000760000000,0x0000000760a416b8,0x0000000766600000)
 Metaspace       used 29389K, capacity 29884K, committed 30208K, reserved 1075200K
  class space    used 4139K, capacity 4321K, committed 4352K, reserved 1048576K
}
Event: 4.862 GC heap before
{Heap before GC invocations=6 (full 1):
 PSYoungGen      total 208384K, used 40379K [0x00000007a0000000, 0x00000007b1500000, 0x00000007c0000000)
  eden space 197632K, 14% used [0x00000007a0000000,0x00000007a1cf0860,0x00000007ac100000)
  from space 10752K, 99% used [0x00000007b0a80000,0x00000007b14fe3d8,0x00000007b1500000)
  to   space 10752K, 0% used [0x00000007b0000000,0x00000007b0000000,0x00000007b0a80000)
 ParOldGen       total 104448K, used 10501K [0x0000000760000000, 0x0000000766600000, 0x00000007a0000000)
  object space 104448K, 10% used [0x0000000760000000,0x0000000760a416b8,0x0000000766600000)
 Metaspace       used 34637K, capacity 35200K, committed 35416K, reserved 1079296K
  class space    used 4773K, capacity 4970K, committed 4992K, reserved 1048576K
Event: 4.870 GC heap after
Heap after GC invocations=6 (full 1):
 PSYoungGen      total 272896K, used 9578K [0x00000007a0000000, 0x00000007b3c80000, 0x00000007c0000000)
  eden space 262144K, 0% used [0x00000007a0000000,0x00000007a0000000,0x00000007b0000000)
  from space 10752K, 89% used [0x00000007b0000000,0x00000007b095ab30,0x00000007b0a80000)
  to   space 12800K, 0% used [0x00000007b3000000,0x00000007b3000000,0x00000007b3c80000)
 ParOldGen       total 104448K, used 10509K [0x0000000760000000, 0x0000000766600000, 0x00000007a0000000)
  object space 104448K, 10% used [0x0000000760000000,0x0000000760a436b8,0x0000000766600000)
 Metaspace       used 34637K, capacity 35200K, committed 35416K, reserved 1079296K
  class space    used 4773K, capacity 4970K, committed 4992K, reserved 1048576K
}
Event: 4.871 GC heap before
{Heap before GC invocations=7 (full 2):
 PSYoungGen      total 272896K, used 9578K [0x00000007a0000000, 0x00000007b3c80000, 0x00000007c0000000)
  eden space 262144K, 0% used [0x00000007a0000000,0x00000007a0000000,0x00000007b0000000)
  from space 10752K, 89% used [0x00000007b0000000,0x00000007b095ab30,0x00000007b0a80000)
  to   space 12800K, 0% used [0x00000007b3000000,0x00000007b3000000,0x00000007b3c80000)
 ParOldGen       total 104448K, used 10509K [0x0000000760000000, 0x0000000766600000, 0x00000007a0000000)
  object space 104448K, 10% used [0x0000000760000000,0x0000000760a436b8,0x0000000766600000)
 Metaspace       used 34637K, capacity 35200K, committed 35416K, reserved 1079296K
  class space    used 4773K, capacity 4970K, committed 4992K, reserved 1048576K
Event: 4.908 GC heap after
Heap after GC invocations=7 (full 2):
 PSYoungGen      total 272896K, used 0K [0x00000007a0000000, 0x00000007b3c80000, 0x00000007c0000000)
  eden space 262144K, 0% used [0x00000007a0000000,0x00000007a0000000,0x00000007b0000000)
  from space 10752K, 0% used [0x00000007b0000000,0x00000007b0000000,0x00000007b0a80000)
  to   space 12800K, 0% used [0x00000007b3000000,0x00000007b3000000,0x00000007b3c80000)
 ParOldGen       total 161280K, used 16265K [0x0000000760000000, 0x0000000769d80000, 0x00000007a0000000)
  object space 161280K, 10% used [0x0000000760000000,0x0000000760fe27c8,0x0000000769d80000)
 Metaspace       used 34637K, capacity 35200K, committed 35416K, reserved 1079296K
  class space    used 4773K, capacity 4970K, committed 4992K, reserved 1048576K
}
Event: 8.377 GC heap before
{Heap before GC invocations=8 (full 2):
 PSYoungGen      total 272896K, used 262144K [0x00000007a0000000, 0x00000007b3c80000, 0x00000007c0000000)
  eden space 262144K, 100% used [0x00000007a0000000,0x00000007b0000000,0x00000007b0000000)
  from space 10752K, 0% used [0x00000007b0000000,0x00000007b0000000,0x00000007b0a80000)
  to   space 12800K, 0% used [0x00000007b3000000,0x00000007b3000000,0x00000007b3c80000)
 ParOldGen       total 161280K, used 16265K [0x0000000760000000, 0x0000000769d80000, 0x00000007a0000000)
  object space 161280K, 10% used [0x0000000760000000,0x0000000760fe27c8,0x0000000769d80000)
 Metaspace       used 52445K, capacity 54002K, committed 54232K, reserved 1095680K
  class space    used 7219K, capacity 7598K, committed 7680K, reserved 1048576K
Event: 8.403 GC heap after
Heap after GC invocations=8 (full 2):
 PSYoungGen      total 302592K, used 12789K [0x00000007a0000000, 0x00000007ba100000, 0x00000007c0000000)
  eden space 289792K, 0% used [0x00000007a0000000,0x00000007a0000000,0x00000007b1b00000)
  from space 12800K, 99% used [0x00000007b3000000,0x00000007b3c7d500,0x00000007b3c80000)
  to   space 21504K, 0% used [0x00000007b1b00000,0x00000007b1b00000,0x00000007b3000000)
 ParOldGen       total 161280K, used 29744K [0x0000000760000000, 0x0000000769d80000, 0x00000007a0000000)
  object space 161280K, 18% used [0x0000000760000000,0x0000000761d0c3a0,0x0000000769d80000)
 Metaspace       used 52445K, capacity 54002K, committed 54232K, reserved 1095680K
  class space    used 7219K, capacity 7598K, committed 7680K, reserved 1048576K
}

